<?xml version="1.0" encoding="UTF-8"?>
<!-- Generated by org.testng.reporters.JUnitXMLReporter -->
<testsuite hostname="IBM-PF38Q7KE" failures="0" tests="3" name="Default test" time="19.142" errors="0" timestamp="2 Aug 2023 11:01:47 GMT">
  <testcase classname="tests.searchCustByEmail" name="verifyLoginFeature" time="4.883"/>
  <testcase classname="tests.searchCustByEmail" name="clickCustomerMenu" time="2.078"/>
  <testcase classname="tests.searchCustByEmail" name="custByEmail" time="0.974"/>
</testsuite> <!-- Default test -->
