<?xml version="1.0" encoding="UTF-8"?>
<!-- Generated by org.testng.reporters.JUnitXMLReporter -->
<testsuite hostname="IBM-PF38Q7KE" failures="0" tests="3" name="Test" time="19.535" errors="0" timestamp="2 Aug 2023 11:12:53 GMT">
  <testcase classname="tests.searchCustByEmail" name="verifyLoginFeature" time="5.159"/>
  <testcase classname="tests.searchCustByEmail" name="clickCustomerMenu" time="1.688"/>
  <testcase classname="tests.searchCustByEmail" name="custByEmail" time="1.119"/>
</testsuite> <!-- Test -->
