<?xml version="1.0" encoding="UTF-8"?>
<!-- Generated by org.testng.reporters.JUnitXMLReporter -->
<testsuite hostname="IBM-PF38Q7KE" failures="0" tests="3" name="Test1" time="17.516" errors="0" timestamp="2 Aug 2023 13:01:06 GMT">
  <testcase classname="tests.searchCustByEmail" name="verifyLoginFeature" time="4.242"/>
  <testcase classname="tests.searchCustByEmail" name="clickCustomerMenu" time="1.968"/>
  <testcase classname="tests.searchCustByEmail" name="custByEmail" time="1.19"/>
</testsuite> <!-- Test1 -->
