<?xml version="1.0" encoding="UTF-8"?>
<testsuite xmlns:xsi="http://www.w3.org/2001/XMLSchema-instance" xsi:noNamespaceSchemaLocation="https://maven.apache.org/surefire/maven-surefire-plugin/xsd/surefire-test-report-3.0.xsd" version="3.0" name="TestSuite" time="34.197" tests="6" errors="0" skipped="0" failures="0">
  <properties>
[...]
</properties>
  <testcase name="verifyLoginFeature" classname="tests.searchCustByEmail" time="4.199">
    <system-out><![CDATA[ INFO [main] (TestBase.java:33)- ---------------info-------------
 WARN [main] (TestBase.java:34)- ---------------warn-------------
ERROR [main] (TestBase.java:35)- ---------------error-------------
 INFO [main] (TestBase.java:37)- launching chrome browser
 INFO [main] (TestBase.java:42)- launching application: https://admin-demo.nopcommerce.com/login?ReturnUrl=%2Fadmin%2F
 INFO [main] (searchCustByEmail.java:19)- Logging into NOP Application using valid credentials
]]></system-out>
    <system-err><![CDATA[SLF4J: Failed to load class "org.slf4j.impl.StaticLoggerBinder".
SLF4J: Defaulting to no-operation (NOP) logger implementation
SLF4J: See http://www.slf4j.org/codes.html#StaticLoggerBinder for further details.
Starting ChromeDriver 114.0.5735.90 (386bc09e8f4f2e025eddae123f36f6263096ae49-refs/branch-heads/5735@{#1052}) on port 53926
Only local connections are allowed.
Please see https://chromedriver.chromium.org/security-considerations for suggestions on keeping ChromeDriver safe.
ChromeDriver was started successfully.
[1690981251.499][WARNING]: This version of ChromeDriver has not been tested with Chrome version 115.
Aug 02, 2023 6:30:51 PM org.openqa.selenium.remote.ProtocolHandshake createSession
INFO: Detected dialect: W3C
]]></system-err>
  </testcase>
  <testcase name="clickCustomerMenu" classname="tests.searchCustByEmail" time="1.964">
    <system-out><![CDATA[ INFO [main] (searchCustByEmail.java:29)- Select Customers from Menu
 INFO [main] (searchCustByEmail.java:31)- Select Customers from CustomerMenu List
]]></system-out>
  </testcase>
  <testcase name="custByEmail[victoria_victoria@nopCommerce.com](1)" classname="tests.searchCustByEmail" time="1.196">
    <system-out><![CDATA[ INFO [main] (searchCustByEmail.java:41)- Searching Customer using Email Id
 INFO [main] (searchCustByEmail.java:43)- Clicking Search button
 INFO [main] (searchCustByEmail.java:45)- Check the searched email is displayed in webtable
 INFO [main] (searchCustByEmail.java:47)- Found searched email!!
]]></system-out>
  </testcase>
  <testcase name="verifyLoginFeature" classname="tests.searchCustByName" time="4.31">
    <system-out><![CDATA[ INFO [main] (TestBase.java:59)- closing an application
 INFO [main] (TestBase.java:33)- ---------------info-------------
 WARN [main] (TestBase.java:34)- ---------------warn-------------
ERROR [main] (TestBase.java:35)- ---------------error-------------
 INFO [main] (TestBase.java:37)- launching chrome browser
 INFO [main] (TestBase.java:42)- launching application: https://admin-demo.nopcommerce.com/login?ReturnUrl=%2Fadmin%2F
 INFO [main] (searchCustByName.java:19)- Logging into NOP Application using valid credentials
]]></system-out>
    <system-err><![CDATA[Starting ChromeDriver 114.0.5735.90 (386bc09e8f4f2e025eddae123f36f6263096ae49-refs/branch-heads/5735@{#1052}) on port 17056
Only local connections are allowed.
Please see https://chromedriver.chromium.org/security-considerations for suggestions on keeping ChromeDriver safe.
ChromeDriver was started successfully.
[1690981268.364][WARNING]: This version of ChromeDriver has not been tested with Chrome version 115.
Aug 02, 2023 6:31:08 PM org.openqa.selenium.remote.ProtocolHandshake createSession
INFO: Detected dialect: W3C
]]></system-err>
  </testcase>
  <testcase name="clickCustomerMenu" classname="tests.searchCustByName" time="1.416">
    <system-out><![CDATA[ INFO [main] (searchCustByName.java:29)- Select Customers from Menu
 INFO [main] (searchCustByName.java:31)- Select Customers from CustomerMenu List
]]></system-out>
  </testcase>
  <testcase name="custByName[Virat, Kohli](1)" classname="tests.searchCustByName" time="1.359">
    <system-out><![CDATA[ INFO [main] (searchCustByName.java:41)- Searching Customer using Email Id
 INFO [main] (searchCustByName.java:43)- Clicking Search button
 INFO [main] (searchCustByName.java:45)- Check the searched customer name is displayed in webtable
 INFO [main] (searchCustByName.java:47)- Found searched customer Name!!
]]></system-out>
  </testcase>
</testsuite>