<?xml version="1.0" encoding="UTF-8"?>
<testng-results total="6" passed="6" failed="0" skipped="0">
  <reporter-output>
  </reporter-output>
  <suite started-at="2023-08-02T13:00:48Z" name="Suite" finished-at="2023-08-02T13:01:21Z" duration-ms="33060">
    <groups>
    </groups>
    <test started-at="2023-08-02T13:00:48Z" name="Test1" finished-at="2023-08-02T13:01:06Z" duration-ms="17516">
      <class name="tests.searchCustByEmail">
        <test-method is-config="true" signature="launchApp()[pri:0, instance:tests.searchCustByEmail@1d483de4]" started-at="2023-08-02T18:30:48Z" name="launchApp" finished-at="2023-08-02T18:30:53Z" duration-ms="4946" status="PASS">
          <reporter-output>
          </reporter-output>
        </test-method> <!-- launchApp -->
        <test-method signature="verifyLoginFeature()[pri:0, instance:tests.searchCustByEmail@1d483de4]" started-at="2023-08-02T18:30:53Z" name="verifyLoginFeature" finished-at="2023-08-02T18:30:58Z" duration-ms="4242" status="PASS">
          <reporter-output>
          </reporter-output>
        </test-method> <!-- verifyLoginFeature -->
        <test-method signature="clickCustomerMenu()[pri:0, instance:tests.searchCustByEmail@1d483de4]" started-at="2023-08-02T18:30:58Z" name="clickCustomerMenu" finished-at="2023-08-02T18:31:00Z" duration-ms="1968" status="PASS">
          <reporter-output>
          </reporter-output>
        </test-method> <!-- clickCustomerMenu -->
        <test-method signature="custByEmail(java.lang.String)[pri:0, instance:tests.searchCustByEmail@1d483de4]" started-at="2023-08-02T18:31:00Z" name="custByEmail" data-provider="email" finished-at="2023-08-02T18:31:01Z" duration-ms="1190" status="PASS">
          <params>
            <param index="0">
              <value>
                <![CDATA[victoria_victoria@nopCommerce.com]]>
              </value>
            </param>
          </params>
          <reporter-output>
          </reporter-output>
        </test-method> <!-- custByEmail -->
        <test-method is-config="true" signature="closeApp()[pri:0, instance:tests.searchCustByEmail@1d483de4]" started-at="2023-08-02T18:31:01Z" name="closeApp" finished-at="2023-08-02T18:31:06Z" duration-ms="5164" status="PASS">
          <reporter-output>
          </reporter-output>
        </test-method> <!-- closeApp -->
      </class> <!-- tests.searchCustByEmail -->
    </test> <!-- Test1 -->
    <test started-at="2023-08-02T13:01:06Z" name="Test2" finished-at="2023-08-02T13:01:21Z" duration-ms="15522">
      <class name="tests.searchCustByName">
        <test-method is-config="true" signature="launchApp()[pri:0, instance:tests.searchCustByName@3c01cfa1]" started-at="2023-08-02T18:31:06Z" name="launchApp" finished-at="2023-08-02T18:31:09Z" duration-ms="3198" status="PASS">
          <reporter-output>
          </reporter-output>
        </test-method> <!-- launchApp -->
        <test-method signature="verifyLoginFeature()[pri:0, instance:tests.searchCustByName@3c01cfa1]" started-at="2023-08-02T18:31:09Z" name="verifyLoginFeature" finished-at="2023-08-02T18:31:14Z" duration-ms="4359" status="PASS">
          <reporter-output>
          </reporter-output>
        </test-method> <!-- verifyLoginFeature -->
        <test-method signature="clickCustomerMenu()[pri:0, instance:tests.searchCustByName@3c01cfa1]" started-at="2023-08-02T18:31:14Z" name="clickCustomerMenu" finished-at="2023-08-02T18:31:15Z" duration-ms="1416" status="PASS">
          <reporter-output>
          </reporter-output>
        </test-method> <!-- clickCustomerMenu -->
        <test-method signature="custByName(java.lang.String, java.lang.String)[pri:0, instance:tests.searchCustByName@3c01cfa1]" started-at="2023-08-02T18:31:15Z" name="custByName" data-provider="name" finished-at="2023-08-02T18:31:16Z" duration-ms="1359" status="PASS">
          <params>
            <param index="0">
              <value>
                <![CDATA[Virat]]>
              </value>
            </param>
            <param index="1">
              <value>
                <![CDATA[Kohli]]>
              </value>
            </param>
          </params>
          <reporter-output>
          </reporter-output>
        </test-method> <!-- custByName -->
        <test-method is-config="true" signature="closeApp()[pri:0, instance:tests.searchCustByName@3c01cfa1]" started-at="2023-08-02T18:31:16Z" name="closeApp" finished-at="2023-08-02T18:31:21Z" duration-ms="5185" status="PASS">
          <reporter-output>
          </reporter-output>
        </test-method> <!-- closeApp -->
      </class> <!-- tests.searchCustByName -->
    </test> <!-- Test2 -->
  </suite> <!-- Suite -->
</testng-results>
