<?xml version="1.0" encoding="UTF-8"?>
<testng-results total="3" passed="3" failed="0" skipped="0">
  <reporter-output>
  </reporter-output>
  <suite started-at="2023-08-02T11:12:33Z" name="Suite" finished-at="2023-08-02T11:12:53Z" duration-ms="19535">
    <groups>
    </groups>
    <test started-at="2023-08-02T11:12:33Z" name="Test" finished-at="2023-08-02T11:12:53Z" duration-ms="19535">
      <class name="tests.searchCustByEmail">
        <test-method is-config="true" signature="launchApp()[pri:0, instance:tests.searchCustByEmail@1d483de4]" started-at="2023-08-02T16:42:33Z" name="launchApp" finished-at="2023-08-02T16:42:40Z" duration-ms="6344" status="PASS">
          <reporter-output>
          </reporter-output>
        </test-method> <!-- launchApp -->
        <test-method signature="verifyLoginFeature()[pri:0, instance:tests.searchCustByEmail@1d483de4]" started-at="2023-08-02T16:42:40Z" name="verifyLoginFeature" finished-at="2023-08-02T16:42:45Z" duration-ms="5159" status="PASS">
          <reporter-output>
          </reporter-output>
        </test-method> <!-- verifyLoginFeature -->
        <test-method signature="clickCustomerMenu()[pri:0, instance:tests.searchCustByEmail@1d483de4]" started-at="2023-08-02T16:42:45Z" name="clickCustomerMenu" finished-at="2023-08-02T16:42:47Z" duration-ms="1688" status="PASS">
          <reporter-output>
          </reporter-output>
        </test-method> <!-- clickCustomerMenu -->
        <test-method signature="custByEmail(java.lang.String)[pri:0, instance:tests.searchCustByEmail@1d483de4]" started-at="2023-08-02T16:42:47Z" name="custByEmail" data-provider="email" finished-at="2023-08-02T16:42:48Z" duration-ms="1119" status="PASS">
          <params>
            <param index="0">
              <value>
                <![CDATA[victoria_victoria@nopCommerce.com]]>
              </value>
            </param>
          </params>
          <reporter-output>
          </reporter-output>
        </test-method> <!-- custByEmail -->
        <test-method is-config="true" signature="closeApp()[pri:0, instance:tests.searchCustByEmail@1d483de4]" started-at="2023-08-02T16:42:48Z" name="closeApp" finished-at="2023-08-02T16:42:53Z" duration-ms="5196" status="PASS">
          <reporter-output>
          </reporter-output>
        </test-method> <!-- closeApp -->
      </class> <!-- tests.searchCustByEmail -->
    </test> <!-- Test -->
  </suite> <!-- Suite -->
</testng-results>
