<?xml version="1.0" encoding="UTF-8"?>
<testng-results total="3" passed="3" failed="0" skipped="0">
  <reporter-output>
  </reporter-output>
  <suite started-at="2023-08-02T11:01:28Z" name="Default suite" finished-at="2023-08-02T11:01:47Z" duration-ms="19142">
    <groups>
    </groups>
    <test started-at="2023-08-02T11:01:28Z" name="Default test" finished-at="2023-08-02T11:01:47Z" duration-ms="19142">
      <class name="tests.searchCustByEmail">
        <test-method is-config="true" signature="launchApp()[pri:0, instance:tests.searchCustByEmail@73302995]" started-at="2023-08-02T16:31:28Z" name="launchApp" finished-at="2023-08-02T16:31:34Z" duration-ms="5992" status="PASS">
          <reporter-output>
          </reporter-output>
        </test-method> <!-- launchApp -->
        <test-method signature="verifyLoginFeature()[pri:0, instance:tests.searchCustByEmail@73302995]" started-at="2023-08-02T16:31:34Z" name="verifyLoginFeature" finished-at="2023-08-02T16:31:39Z" duration-ms="4883" status="PASS">
          <reporter-output>
          </reporter-output>
        </test-method> <!-- verifyLoginFeature -->
        <test-method signature="clickCustomerMenu()[pri:0, instance:tests.searchCustByEmail@73302995]" started-at="2023-08-02T16:31:39Z" name="clickCustomerMenu" finished-at="2023-08-02T16:31:41Z" duration-ms="2078" status="PASS">
          <reporter-output>
          </reporter-output>
        </test-method> <!-- clickCustomerMenu -->
        <test-method signature="custByEmail(java.lang.String)[pri:0, instance:tests.searchCustByEmail@73302995]" started-at="2023-08-02T16:31:41Z" name="custByEmail" data-provider="email" finished-at="2023-08-02T16:31:42Z" duration-ms="974" status="PASS">
          <params>
            <param index="0">
              <value>
                <![CDATA[victoria_victoria@nopCommerce.com]]>
              </value>
            </param>
          </params>
          <reporter-output>
          </reporter-output>
        </test-method> <!-- custByEmail -->
        <test-method is-config="true" signature="closeApp()[pri:0, instance:tests.searchCustByEmail@73302995]" started-at="2023-08-02T16:31:42Z" name="closeApp" finished-at="2023-08-02T16:31:47Z" duration-ms="5179" status="PASS">
          <reporter-output>
          </reporter-output>
        </test-method> <!-- closeApp -->
      </class> <!-- tests.searchCustByEmail -->
    </test> <!-- Default test -->
  </suite> <!-- Default suite -->
</testng-results>
